# JRE version: OpenJDK Runtime Environment Temurin-17.0.5+8 (17.0.5+8) (build 17.0.5+8)
# Java VM: OpenJDK 64-Bit Server VM Temurin-17.0.5+8 (17.0.5+8, mixed mode, emulated-client, tiered, compressed oops, compressed class ptrs, g1 gc, windows-amd64)
GC Precious Log:
 CPUs: 4 total, 4 available
 Memory: 4010M
 Large Page Support: Disabled
 NUMA Support: Disabled
 Compressed Oops: Enabled (32-bit)
 Heap Region Size: 1M
 Heap Min Capacity: 8M
 Heap Initial Capacity: 64M
 Heap Max Capacity: 1004M
 Pre-touch: Disabled
 Parallel Workers: 4
 Concurrent Workers: 1
 Concurrent Refinement Workers: 4
 Periodic GC: Disabled
Heap:
 garbage-first heap   total 65536K, used 20001K [0x00000000c1400000, 0x0000000100000000)
  region size 1024K, 11 young (11264K), 1 survivors (1024K)
 Metaspace       used 19561K, committed 19840K, reserved 1073152K
  class space    used 2224K, committed 2368K, reserved 1048576K
GC Heap History (6 events):
Event: 3.302 GC heap before
{Heap before GC invocations=0 (full 0):
 garbage-first heap   total 65536K, used 13312K [0x00000000c1400000, 0x0000000100000000)
  region size 1024K, 13 young (13312K), 0 survivors (0K)
 Metaspace       used 10563K, committed 10752K, reserved 1064960K
  class space    used 1040K, committed 1152K, reserved 1048576K
}
Event: 3.322 GC heap after
{Heap after GC invocations=1 (full 0):
 garbage-first heap   total 65536K, used 8033K [0x00000000c1400000, 0x0000000100000000)
  region size 1024K, 2 young (2048K), 2 survivors (2048K)
 Metaspace       used 10563K, committed 10752K, reserved 1064960K
  class space    used 1040K, committed 1152K, reserved 1048576K
}
Event: 5.215 GC heap before
{Heap before GC invocations=1 (full 0):
 garbage-first heap   total 65536K, used 16225K [0x00000000c1400000, 0x0000000100000000)
  region size 1024K, 10 young (10240K), 2 survivors (2048K)
 Metaspace       used 14743K, committed 14976K, reserved 1064960K
  class space    used 1545K, committed 1664K, reserved 1048576K
}
Event: 5.227 GC heap after
{Heap after GC invocations=2 (full 0):
 garbage-first heap   total 65536K, used 9925K [0x00000000c1400000, 0x0000000100000000)
  region size 1024K, 2 young (2048K), 2 survivors (2048K)
 Metaspace       used 14743K, committed 14976K, reserved 1064960K
  class space    used 1545K, committed 1664K, reserved 1048576K
}
Event: 6.424 GC heap before
{Heap before GC invocations=2 (full 0):
 garbage-first heap   total 65536K, used 27333K [0x00000000c1400000, 0x0000000100000000)
  region size 1024K, 20 young (20480K), 2 survivors (2048K)
 Metaspace       used 17764K, committed 18048K, reserved 1073152K
  class space    used 1930K, committed 2048K, reserved 1048576K
}
Event: 6.431 GC heap after
{Heap after GC invocations=3 (full 0):
 garbage-first heap   total 65536K, used 10785K [0x00000000c1400000, 0x0000000100000000)
  region size 1024K, 1 young (1024K), 1 survivors (1024K)
 Metaspace       used 17764K, committed 18048K, reserved 1073152K
  class space    used 1930K, committed 2048K, reserved 1048576K
}

